<?xml version="1.0" encoding="UTF-8"?>
<!-- Generated by org.testng.reporters.JUnitXMLReporter -->
<testsuite hostname="BTP152883" ignored="0" name="Default test" tests="1" failures="1" timestamp="01 Nov 2018 22:55:21 GMT" time="0.711" errors="0">
  <testcase name="runScenario" time="0.221" classname="cucumber.api.testng.AbstractTestNGCucumberTests">
    <failure type="java.lang.NoSuchMethodError" message="io.cucumber.stepexpression.ArgumentMatcher.argumentsFrom(Lgherkin/pickles/PickleStep;[Ljava/lang/reflect/Type;)Ljava/util/List;">
      <![CDATA[java.lang.NoSuchMethodError: io.cucumber.stepexpression.ArgumentMatcher.argumentsFrom(Lgherkin/pickles/PickleStep;[Ljava/lang/reflect/Type;)Ljava/util/List;at cucumber.runtime.java.JavaStepDefinition.matchedArguments(JavaStepDefinition.java:58)at cucumber.runner.Glue.stepDefinitionMatches(Glue.java:104)at cucumber.runner.Glue.stepDefinitionMatch(Glue.java:82)at cucumber.runner.Runner.addTestStepsForPickleSteps(Runner.java:64)at cucumber.runner.Runner.createTestCaseForPickle(Runner.java:54)at cucumber.runner.Runner.runPickle(Runner.java:39)at cucumber.api.testng.TestNGCucumberRunner.runScenario(TestNGCucumberRunner.java:68)at cucumber.api.testng.AbstractTestNGCucumberTests.runScenario(AbstractTestNGCucumberTests.java:22)at sun.reflect.NativeMethodAccessorImpl.invoke0(Native Method)at sun.reflect.NativeMethodAccessorImpl.invoke(NativeMethodAccessorImpl.java:62)at sun.reflect.DelegatingMethodAccessorImpl.invoke(DelegatingMethodAccessorImpl.java:43)at java.lang.reflect.Method.invoke(Method.java:498)at org.testng.internal.MethodInvocationHelper.invokeMethod(MethodInvocationHelper.java:124)at org.testng.internal.Invoker.invokeMethod(Invoker.java:571)at org.testng.internal.Invoker.invokeTestMethod(Invoker.java:707)at org.testng.internal.Invoker.invokeTestMethods(Invoker.java:979)at org.testng.internal.TestMethodWorker.invokeTestMethods(TestMethodWorker.java:125)at org.testng.internal.TestMethodWorker.run(TestMethodWorker.java:109)at org.testng.TestRunner.privateRun(TestRunner.java:648)at org.testng.TestRunner.run(TestRunner.java:505)at org.testng.SuiteRunner.runTest(SuiteRunner.java:455)at org.testng.SuiteRunner.runSequentially(SuiteRunner.java:450)at org.testng.SuiteRunner.privateRun(SuiteRunner.java:415)at org.testng.SuiteRunner.run(SuiteRunner.java:364)at org.testng.SuiteRunnerWorker.runSuite(SuiteRunnerWorker.java:52)at org.testng.SuiteRunnerWorker.run(SuiteRunnerWorker.java:84)at org.testng.TestNG.runSuitesSequentially(TestNG.java:1187)at org.testng.TestNG.runSuitesLocally(TestNG.java:1116)at org.testng.TestNG.runSuites(TestNG.java:1028)at org.testng.TestNG.run(TestNG.java:996)at org.testng.remote.AbstractRemoteTestNG.run(AbstractRemoteTestNG.java:114)at org.testng.remote.RemoteTestNG.initAndRun(RemoteTestNG.java:251)at org.testng.remote.RemoteTestNG.main(RemoteTestNG.java:77)at ✽.I am on the login page(src/test/resources/functionalTests/login.feature:25)]]>
    </failure>
  </testcase> <!-- runScenario -->
</testsuite> <!-- Default test -->
